#
# A fatal error has been detected by the Java Runtime Environment:
#
#  SIGSEGV (0xb) at pc=0x00000001051692de, pid=2746, tid=3335
#
# JRE version: Java(TM) SE Runtime Environment (8.0_65-b17) (build 1.8.0_65-b17)
# Java VM: Java HotSpot(TM) 64-Bit Server VM (25.65-b01 mixed mode bsd-amd64 compressed oops)
# Problematic frame:
# V  [libjvm.dylib+0x1692de]
#
# Failed to write core dump. Core dumps have been disabled. To enable core dumping, try "ulimit -c unlimited" before starting Java again
#
# If you would like to submit a bug report, please visit:
#   http://bugreport.java.com/bugreport/crash.jsp
#

---------------  T H R E A D  ---------------

Current thread is native thread

siginfo: si_signo: 11 (SIGSEGV), si_code: 1 (SEGV_MAPERR), si_addr: 0x0000000000000270

Registers:
RAX=0x0000000000000000, RBX=0x0000000000000000, RCX=0x00000000002f4180, RDX=0x00000000000dcf80
RSP=0x00007fff5b6d9450, RBP=0x00007fff5b6d9460, RSI=0x0000000000000006, RDI=0x00007fff5b6d9478
R8 =0x00007fa68d52a260, R9 =0x00007fa68d1d9df0, R10=0x000000008a83cc55, R11=0x0000000070b6c00f
R12=0x00007fff5b6d9478, R13=0x000000012306d030, R14=0x00007fa6891e51f8, R15=0x0000000000000000
RIP=0x00000001051692de, EFLAGS=0x0000000000010246, ERR=0x0000000000000006
  TRAPNO=0x000000000000000e

Top of Stack: (sp=0x00007fff5b6d9450)
0x00007fff5b6d9450:   00007fa68d20be58 00007fa6891e51f8
0x00007fff5b6d9460:   00007fff5b6d94a0 00000001053110d9
0x00007fff5b6d9470:   0000000000000000 0000000000000000
0x00007fff5b6d9480:   00007fa68d172c10 0000000000000000
0x00007fff5b6d9490:   00007fa68d1cc040 00007fa68ac6a3a0
0x00007fff5b6d94a0:   00007fff5b6d94b0 000000011f655f18
0x00007fff5b6d94b0:   00007fff5b6d94d0 000000011f65beee
0x00007fff5b6d94c0:   00007fa68d1cc040 000000012306d000
0x00007fff5b6d94d0:   00007fff5b6d94f0 000000011f65be7e
0x00007fff5b6d94e0:   0000000120bede90 0000000000000918
0x00007fff5b6d94f0:   00007fff5b6d9520 000000011f661834
0x00007fff5b6d9500:   000000012576c790 0000000000000918
0x00007fff5b6d9510:   000000012306d000 000000012306d930
0x00007fff5b6d9520:   00007fff5b6d9560 000000012003cab8
0x00007fff5b6d9530:   0000000000000000 000000012306d000
0x00007fff5b6d9540:   00007fa6886bdbd0 00007fa68a159e00
0x00007fff5b6d9550:   0000000125760448 00000000000002a0
0x00007fff5b6d9560:   00007fff5b6d9580 000000012003cf68
0x00007fff5b6d9570:   0000000125760000 0000000000000000
0x00007fff5b6d9580:   00007fff5b6d95a0 000000012004af59
0x00007fff5b6d9590:   0000000125760000 00007fa6886bdbd0
0x00007fff5b6d95a0:   00007fff5b6d95f0 0000000120048279
0x00007fff5b6d95b0:   00007fff5b6d9600 414153a3c55ceb55
0x00007fff5b6d95c0:   00007fa68a15a0a0 0000000000000000
0x00007fff5b6d95d0:   0000000000000000 00007fa68a159e18
0x00007fff5b6d95e0:   00007fff5b6d9610 00007fa6886be4a0
0x00007fff5b6d95f0:   00007fff5b6d9640 0000000120047eab
0x00007fff5b6d9600:   00007fa68a159e00 00007fa6886a2f80
0x00007fff5b6d9610:   0000000000000000 00007fa688500640
0x00007fff5b6d9620:   00007fa6885004f0 00007fa6886bdc70
0x00007fff5b6d9630:   00007fa6886bdc70 00007fa6886be4a0
0x00007fff5b6d9640:   00007fff5b6d9650 00007fff886933e4 

Instructions: (pc=0x00000001051692de)
0x00000001051692be:   0e 48 8b 0b 49 8b 56 18 48 63 c0 48 89 0c c2 5b
0x00000001051692ce:   41 5e 5d c3 90 90 55 48 89 e5 41 56 53 48 8b 1f
0x00000001051692de:   c7 83 70 02 00 00 05 00 00 00 48 8d 05 c9 50 77
0x00000001051692ee:   00 8b 00 83 f8 01 41 89 f6 75 0c 48 8d 0d 06 b8 

Register to memory mapping:

RAX=0x0000000000000000 is an unknown value
RBX=0x0000000000000000 is an unknown value
RCX=0x00000000002f4180 is an unknown value
RDX=0x00000000000dcf80 is an unknown value
RSP=0x00007fff5b6d9450 is an unknown value
RBP=0x00007fff5b6d9460 is an unknown value
RSI=0x0000000000000006 is an unknown value
RDI=0x00007fff5b6d9478 is an unknown value
R8 =0x00007fa68d52a260 is an unknown value
R9 =0x00007fa68d1d9df0 is an unknown value
R10=0x000000008a83cc55 is an unknown value
R11=0x0000000070b6c00f is an unknown value
R12=0x00007fff5b6d9478 is an unknown value
R13=0x000000012306d030 is an unknown value
R14=0x00007fa6891e51f8 is an unknown value
R15=0x0000000000000000 is an unknown value


Stack: [0x00007fff5aedd000,0x00007fff5b6dd000],  sp=0x00007fff5b6d9450,  free space=8177k
Native frames: (J=compiled Java code, j=interpreted, Vv=VM code, C=native code)
V  [libjvm.dylib+0x1692de]
V  [libjvm.dylib+0x3110d9]
C  [libjfxwebkit.dylib+0x4ebf18]  _ZN3JSC8Bindings14JobjectWrapperD1Ev+0x18
C  [libjfxwebkit.dylib+0x4f1eee]  _ZN3JSC8Bindings12JavaInstanceD2Ev+0x3e
C  [libjfxwebkit.dylib+0x4f1e7e]  _ZN3JSC8Bindings12JavaInstanceD0Ev+0xe
C  [libjfxwebkit.dylib+0x4f7834]